#
# There is insufficient memory for the Java Runtime Environment to continue.
# Native memory allocation (malloc) failed to allocate 32744 bytes for ChunkPool::allocate
# Possible reasons:
#   The system is out of physical RAM or swap space
#   In 32 bit mode, the process size limit was hit
# Possible solutions:
#   Reduce memory load on the system
#   Increase physical memory or swap space
#   Check if swap backing store is full
#   Use 64 bit Java on a 64 bit OS
#   Decrease Java heap size (-Xmx/-Xms)
#   Decrease number of Java threads
#   Decrease Java thread stack sizes (-Xss)
#   Set larger code cache with -XX:ReservedCodeCacheSize=
# This output file may be truncated or incomplete.
#
#  Out of Memory Error (allocation.cpp:273), pid=7304, tid=0x0000000000000668
#
# JRE version: OpenJDK Runtime Environment (8.0_152-b01) (build 1.8.0_152-release-915-b01)
# Java VM: OpenJDK 64-Bit Server VM (25.152-b01 mixed mode windows-amd64 compressed oops)
# Failed to write core dump. Minidumps are not enabled by default on client versions of Windows
#

---------------  T H R E A D  ---------------

Current thread (0x00000000134a3800):  JavaThread "C2 CompilerThread0" daemon [_thread_in_native, id=1640, stack(0x0000000014b00000,0x0000000014c00000)]

Stack: [0x0000000014b00000,0x0000000014c00000]
[error occurred during error reporting (printing stack bounds), id 0xc0000005]

Native frames: (J=compiled Java code, j=interpreted, Vv=VM code, C=native code)


Current CompileTask:
C2:   4482  920 %     4       org.objectweb.asm.ClassReader::a @ 1480 (3587 bytes)


---------------  P R O C E S S  ---------------

Java Threads: ( => current thread )
  0x00000000134fd800 JavaThread "Service Thread" daemon [_thread_blocked, id=7544, stack(0x0000000015200000,0x0000000015300000)]
  0x00000000134e6800 JavaThread "C1 CompilerThread2" daemon [_thread_blocked, id=7936, stack(0x0000000014d00000,0x0000000014e00000)]
  0x00000000134aa800 JavaThread "C2 CompilerThread1" daemon [_thread_blocked, id=6312, stack(0x0000000014c00000,0x0000000014d00000)]
=>0x00000000134a3800 JavaThread "C2 CompilerThread0" daemon [_thread_in_native, id=1640, stack(0x0000000014b00000,0x0000000014c00000)]
  0x000000001349d800 JavaThread "Attach Listener" daemon [_thread_blocked, id=8712, stack(0x0000000014a00000,0x0000000014b00000)]
  0x000000001349c800 JavaThread "Signal Dispatcher" daemon [_thread_blocked, id=5220, stack(0x0000000014900000,0x0000000014a00000)]
  0x0000000013487000 JavaThread "Finalizer" daemon [_thread_blocked, id=4176, stack(0x0000000014700000,0x0000000014800000)]
  0x0000000003134000 JavaThread "Reference Handler" daemon [_thread_blocked, id=7440, stack(0x0000000014600000,0x0000000014700000)]
  0x0000000003043800 JavaThread "main" [_thread_in_native, id=8672, stack(0x0000000002e40000,0x0000000002f40000)]

Other Threads:
  0x0000000013465800 VMThread [stack: 0x0000000014500000,0x0000000014600000] [id=8744]
  0x0000000014e20800 WatcherThread [stack: 0x0000000015300000,0x0000000015400000] [id=8004]

VM state:not at safepoint (normal execution)

VM Mutex/Monitor currently owned by a thread: None

Heap:
 PSYoungGen      total 18944K, used 4912K [0x00000000feb00000, 0x0000000100000000, 0x0000000100000000)
  eden space 16384K, 14% used [0x00000000feb00000,0x00000000fed50910,0x00000000ffb00000)
  from space 2560K, 99% used [0x00000000ffd80000,0x00000000ffffb760,0x0000000100000000)
  to   space 2560K, 0% used [0x00000000ffb00000,0x00000000ffb00000,0x00000000ffd80000)
 ParOldGen       total 44032K, used 5085K [0x00000000fc000000, 0x00000000feb00000, 0x00000000feb00000)
  object space 44032K, 11% used [0x00000000fc000000,0x00000000fc4f7700,0x00000000feb00000)
 Metaspace       used 7555K, capacity 7720K, committed 7936K, reserved 1056768K
  class space    used 870K, capacity 956K, committed 1024K, reserved 1048576K

Card table byte_map: [0x0000000001460000,0x0000000001490000] byte_map_base: 0x0000000000c80000

Marking Bits: (ParMarkBitMap*) 0x000000006e183950
 Begin Bits: [0x0000000012900000, 0x0000000012a00000)
 End Bits:   [0x0000000012a00000, 0x0000000012b00000)

Polling page: 0x0000000001430000

CodeCache: size=245760Kb used=3633Kb max_used=3633Kb free=242126Kb
 bounds [0x0000000003140000, 0x00000000034d0000, 0x0000000012140000]
 total_blobs=1274 nmethods=943 adapters=245
 compilation: enabled

Compilation events (10 events):
Event: 4.201 Thread 0x00000000134e6800  940       1       sun.util.calendar.CalendarDate::getZone (5 bytes)
Event: 4.201 Thread 0x00000000134e6800 nmethod 940 0x00000000034c2bd0 code [0x00000000034c2d20, 0x00000000034c2e30]
Event: 4.201 Thread 0x00000000134e6800  941       1       sun.util.calendar.CalendarDate::isNormalized (5 bytes)
Event: 4.201 Thread 0x00000000134e6800 nmethod 941 0x00000000034c2910 code [0x00000000034c2a60, 0x00000000034c2b70]
Event: 4.201 Thread 0x00000000134e6800  942       3       sun.util.calendar.BaseCalendar::isLeapYear (5 bytes)
Event: 4.201 Thread 0x00000000134e6800 nmethod 942 0x00000000034c2390 code [0x00000000034c2500, 0x00000000034c27f0]
Event: 4.201 Thread 0x00000000134e6800  943       3       sun.util.calendar.CalendarUtils::isGregorianLeapYear (27 bytes)
Event: 4.201 Thread 0x00000000134e6800 nmethod 943 0x00000000034c1ed0 code [0x00000000034c2040, 0x00000000034c22b0]
Event: 4.201 Thread 0x00000000134e6800  944  s    3       java.io.BufferedOutputStream::write (67 bytes)
Event: 4.201 Thread 0x00000000134e6800 nmethod 944 0x00000000034c11d0 code [0x00000000034c13a0, 0x00000000034c1bf8]

GC Heap History (4 events):
Event: 2.200 GC heap before
{Heap before GC invocations=1 (full 0):
 PSYoungGen      total 18944K, used 16384K [0x00000000feb00000, 0x0000000100000000, 0x0000000100000000)
  eden space 16384K, 100% used [0x00000000feb00000,0x00000000ffb00000,0x00000000ffb00000)
  from space 2560K, 0% used [0x00000000ffd80000,0x00000000ffd80000,0x0000000100000000)
  to   space 2560K, 0% used [0x00000000ffb00000,0x00000000ffb00000,0x00000000ffd80000)
 ParOldGen       total 44032K, used 0K [0x00000000fc000000, 0x00000000feb00000, 0x00000000feb00000)
  object space 44032K, 0% used [0x00000000fc000000,0x00000000fc000000,0x00000000feb00000)
 Metaspace       used 6525K, capacity 6682K, committed 6784K, reserved 1056768K
  class space    used 769K, capacity 823K, committed 896K, reserved 1048576K
Event: 2.203 GC heap after
Heap after GC invocations=1 (full 0):
 PSYoungGen      total 18944K, used 2528K [0x00000000feb00000, 0x0000000100000000, 0x0000000100000000)
  eden space 16384K, 0% used [0x00000000feb00000,0x00000000feb00000,0x00000000ffb00000)
  from space 2560K, 98% used [0x00000000ffb00000,0x00000000ffd78030,0x00000000ffd80000)
  to   space 2560K, 0% used [0x00000000ffd80000,0x00000000ffd80000,0x0000000100000000)
 ParOldGen       total 44032K, used 1449K [0x00000000fc000000, 0x00000000feb00000, 0x00000000feb00000)
  object space 44032K, 3% used [0x00000000fc000000,0x00000000fc16a468,0x00000000feb00000)
 Metaspace       used 6525K, capacity 6682K, committed 6784K, reserved 1056768K
  class space    used 769K, capacity 823K, committed 896K, reserved 1048576K
}
Event: 4.142 GC heap before
{Heap before GC invocations=2 (full 0):
 PSYoungGen      total 18944K, used 18912K [0x00000000feb00000, 0x0000000100000000, 0x0000000100000000)
  eden space 16384K, 100% used [0x00000000feb00000,0x00000000ffb00000,0x00000000ffb00000)
  from space 2560K, 98% used [0x00000000ffb00000,0x00000000ffd78030,0x00000000ffd80000)
  to   space 2560K, 0% used [0x00000000ffd80000,0x00000000ffd80000,0x0000000100000000)
 ParOldGen       total 44032K, used 1449K [0x00000000fc000000, 0x00000000feb00000, 0x00000000feb00000)
  object space 44032K, 3% used [0x00000000fc000000,0x00000000fc16a468,0x00000000feb00000)
 Metaspace       used 7514K, capacity 7656K, committed 7936K, reserved 1056768K
  class space    used 870K, capacity 956K, committed 1024K, reserved 1048576K
Event: 4.150 GC heap after
Heap after GC invocations=2 (full 0):
 PSYoungGen      total 18944K, used 2541K [0x00000000feb00000, 0x0000000100000000, 0x0000000100000000)
  eden space 16384K, 0% used [0x00000000feb00000,0x00000000feb00000,0x00000000ffb00000)
  from space 2560K, 99% used [0x00000000ffd80000,0x00000000ffffb760,0x0000000100000000)
  to   space 2560K, 0% used [0x00000000ffb00000,0x00000000ffb00000,0x00000000ffd80000)
 ParOldGen       total 44032K, used 5085K [0x00000000fc000000, 0x00000000feb00000, 0x00000000feb00000)
  object space 44032K, 11% used [0x00000000fc000000,0x00000000fc4f7700,0x00000000feb00000)
 Metaspace       used 7514K, capacity 7656K, committed 7936K, reserved 1056768K
  class space    used 870K, capacity 956K, committed 1024K, reserved 1048576K
}

Deoptimization events (10 events):
Event: 2.191 Thread 0x0000000003043800 Uncommon trap: reason=unstable_if action=reinterpret pc=0x000000000337827c method=java.util.zip.ZipCoder.decoder()Ljava/nio/charset/CharsetDecoder; @ 4
Event: 2.192 Thread 0x0000000003043800 Uncommon trap: reason=unstable_if action=reinterpret pc=0x00000000033704dc method=java.util.zip.ZipFile$ZipEntryIterator.hasNext()Z @ 25
Event: 2.192 Thread 0x0000000003043800 Uncommon trap: reason=unstable_if action=reinterpret pc=0x000000000336e9cc method=java.util.zip.ZipCoder.decoder()Ljava/nio/charset/CharsetDecoder; @ 4
Event: 2.216 Thread 0x0000000003043800 Uncommon trap: reason=unstable_if action=reinterpret pc=0x000000000337e30c method=java.util.zip.ZipCoder.decoder()Ljava/nio/charset/CharsetDecoder; @ 4
Event: 2.217 Thread 0x0000000003043800 Uncommon trap: reason=unstable_if action=reinterpret pc=0x0000000003373fe0 method=java.util.zip.ZipCoder.decoder()Ljava/nio/charset/CharsetDecoder; @ 4
Event: 2.217 Thread 0x0000000003043800 Uncommon trap: reason=unstable_if action=reinterpret pc=0x000000000336c730 method=java.util.zip.ZipCoder.decoder()Ljava/nio/charset/CharsetDecoder; @ 4
Event: 3.503 Thread 0x0000000003043800 Uncommon trap: reason=unloaded action=reinterpret pc=0x000000000337093c method=java.util.zip.ZipEntry.setExtra0([BZ)V @ 37
Event: 3.712 Thread 0x0000000003043800 Uncommon trap: reason=unstable_if action=reinterpret pc=0x00000000032d46b0 method=java.lang.String.<init>([CII)V @ 18
Event: 4.052 Thread 0x0000000003043800 Uncommon trap: reason=unstable_if action=reinterpret pc=0x0000000003460c58 method=org.objectweb.asm.Type.getArgumentsAndReturnSizes(Ljava/lang/String;)I @ 47
Event: 4.196 Thread 0x0000000003043800 Uncommon trap: reason=unstable_if action=reinterpret pc=0x00000000034c48e8 method=org.objectweb.asm.MethodWriter.visitVarInsn(II)V @ 142

Classes redefined (0 events):
No events

Internal exceptions (10 events):
Event: 3.439 Thread 0x0000000003043800 Exception <a 'sun/nio/fs/WindowsException'> (0x00000000ff1b7318) thrown at [D:\src\AOSP-openjdk-cygwin\jdk8u\hotspot\src\share\vm\prims\jni.cpp, line 709]
Event: 3.439 Thread 0x0000000003043800 Exception <a 'sun/nio/fs/WindowsException'> (0x00000000ff1b7908) thrown at [D:\src\AOSP-openjdk-cygwin\jdk8u\hotspot\src\share\vm\prims\jni.cpp, line 709]
Event: 3.439 Thread 0x0000000003043800 Exception <a 'sun/nio/fs/WindowsException'> (0x00000000ff1b80d8) thrown at [D:\src\AOSP-openjdk-cygwin\jdk8u\hotspot\src\share\vm\prims\jni.cpp, line 709]
Event: 3.440 Thread 0x0000000003043800 Exception <a 'sun/nio/fs/WindowsException'> (0x00000000ff1b86a0) thrown at [D:\src\AOSP-openjdk-cygwin\jdk8u\hotspot\src\share\vm\prims\jni.cpp, line 709]
Event: 3.440 Thread 0x0000000003043800 Exception <a 'sun/nio/fs/WindowsException'> (0x00000000ff1b8e60) thrown at [D:\src\AOSP-openjdk-cygwin\jdk8u\hotspot\src\share\vm\prims\jni.cpp, line 709]
Event: 3.444 Thread 0x0000000003043800 Exception <a 'sun/nio/fs/WindowsException'> (0x00000000ff1be288) thrown at [D:\src\AOSP-openjdk-cygwin\jdk8u\hotspot\src\share\vm\prims\jni.cpp, line 709]
Event: 3.682 Thread 0x0000000003043800 Exception <a 'sun/nio/fs/WindowsException'> (0x00000000ff585008) thrown at [D:\src\AOSP-openjdk-cygwin\jdk8u\hotspot\src\share\vm\prims\jni.cpp, line 709]
Event: 3.682 Thread 0x0000000003043800 Exception <a 'sun/nio/fs/WindowsException'> (0x00000000ff5855c0) thrown at [D:\src\AOSP-openjdk-cygwin\jdk8u\hotspot\src\share\vm\prims\jni.cpp, line 709]
Event: 3.901 Thread 0x0000000003043800 Exception <a 'sun/nio/fs/WindowsException'> (0x00000000ff68ac28) thrown at [D:\src\AOSP-openjdk-cygwin\jdk8u\hotspot\src\share\vm\prims\jni.cpp, line 709]
Event: 3.901 Thread 0x0000000003043800 Exception <a 'sun/nio/fs/WindowsException'> (0x00000000ff68b160) thrown at [D:\src\AOSP-openjdk-cygwin\jdk8u\hotspot\src\share\vm\prims\jni.cpp, line 709]

Events (10 events):
Event: 4.052 Thread 0x0000000003043800 DEOPT UNPACKING pc=0x000000000318556a sp=0x0000000002f3eac0 mode 2
Event: 4.141 Executing VM operation: ParallelGCFailedAllocation
Event: 4.150 Executing VM operation: ParallelGCFailedAllocation done
Event: 4.153 Thread 0x0000000003043800 DEOPT PACKING pc=0x00000000032aca07 sp=0x0000000002f3f140
Event: 4.153 Thread 0x0000000003043800 DEOPT UNPACKING pc=0x00000000031875bf sp=0x0000000002f3ee70 mode 0
Event: 4.196 Thread 0x0000000003043800 Uncommon trap: trap_request=0xffffff65 fr.pc=0x00000000034c48e8
Event: 4.196 Thread 0x0000000003043800 DEOPT PACKING pc=0x00000000034c48e8 sp=0x0000000002f3ee20
Event: 4.196 Thread 0x0000000003043800 DEOPT UNPACKING pc=0x000000000318556a sp=0x0000000002f3ed68 mode 2
Event: 4.427 Executing VM operation: EnableBiasedLocking
Event: 4.427 Executing VM operation: EnableBiasedLocking done


Dynamic libraries:
0x00007ff740360000 - 0x00007ff740391000 	E:\Android\Android Studio\jre\bin\java.exe
0x00007ff86a0c0000 - 0x00007ff86a29b000 	C:\Windows\SYSTEM32\ntdll.dll
0x00007ff868210000 - 0x00007ff8682be000 	C:\Windows\System32\KERNEL32.DLL
0x00007ff867360000 - 0x00007ff8675a9000 	C:\Windows\System32\KERNELBASE.dll
0x000000006e200000 - 0x000000006e2b3000 	C:\Program Files\Bitdefender\Endpoint Security\Signatures\AVC\AVC3_00647_027\avcuf64.dll
0x00007ff868340000 - 0x00007ff8683e1000 	C:\Windows\System32\ADVAPI32.dll
0x00007ff869cb0000 - 0x00007ff869d4d000 	C:\Windows\System32\msvcrt.dll
0x00007ff867bf0000 - 0x00007ff867c49000 	C:\Windows\System32\sechost.dll
0x00007ff867880000 - 0x00007ff8679a5000 	C:\Windows\System32\RPCRT4.dll
0x00007ff867680000 - 0x00007ff8677ca000 	C:\Windows\System32\USER32.dll
0x00007ff866d30000 - 0x00007ff866d4e000 	C:\Windows\System32\win32u.dll
0x00007ff869c80000 - 0x00007ff869ca7000 	C:\Windows\System32\GDI32.dll
0x00007ff8670d0000 - 0x00007ff867258000 	C:\Windows\System32\gdi32full.dll
0x00007ff866e60000 - 0x00007ff866efa000 	C:\Windows\System32\msvcp_win.dll
0x00007ff867260000 - 0x00007ff867356000 	C:\Windows\System32\ucrtbase.dll
0x00007ff85ab50000 - 0x00007ff85adb7000 	C:\Windows\WinSxS\amd64_microsoft.windows.common-controls_6595b64144ccf1df_6.0.15063.483_none_26002d27e7c744a2\COMCTL32.dll
0x00007ff869870000 - 0x00007ff869b69000 	C:\Windows\System32\combase.dll
0x00007ff8675b0000 - 0x00007ff86761a000 	C:\Windows\System32\bcryptPrimitives.dll
0x00007ff8683f0000 - 0x00007ff86841d000 	C:\Windows\System32\IMM32.DLL
0x000000006d800000 - 0x000000006d8d2000 	E:\Android\Android Studio\jre\jre\bin\msvcr100.dll
0x000000006d9c0000 - 0x000000006e1fe000 	E:\Android\Android Studio\jre\jre\bin\server\jvm.dll
0x00007ff868420000 - 0x00007ff868428000 	C:\Windows\System32\PSAPI.DLL
0x00007ff861ae0000 - 0x00007ff861ae9000 	C:\Windows\SYSTEM32\WSOCK32.dll
0x00007ff8682d0000 - 0x00007ff86833c000 	C:\Windows\System32\WS2_32.dll
0x00007ff864b10000 - 0x00007ff864b33000 	C:\Windows\SYSTEM32\WINMM.dll
0x00007ff85a050000 - 0x00007ff85a05a000 	C:\Windows\SYSTEM32\VERSION.dll
0x00007ff864ab0000 - 0x00007ff864adb000 	C:\Windows\SYSTEM32\WINMMBASE.dll
0x00007ff866ce0000 - 0x00007ff866d29000 	C:\Windows\System32\cfgmgr32.dll
0x00007ff861ad0000 - 0x00007ff861adf000 	E:\Android\Android Studio\jre\jre\bin\verify.dll
0x00007ff854e50000 - 0x00007ff854e79000 	E:\Android\Android Studio\jre\jre\bin\java.dll
0x00007ff854b60000 - 0x00007ff854b76000 	E:\Android\Android Studio\jre\jre\bin\zip.dll
0x00007ff868430000 - 0x00007ff869867000 	C:\Windows\System32\SHELL32.dll
0x00007ff8677d0000 - 0x00007ff86787a000 	C:\Windows\System32\shcore.dll
0x00007ff8665e0000 - 0x00007ff866cd2000 	C:\Windows\System32\windows.storage.dll
0x00007ff867620000 - 0x00007ff867671000 	C:\Windows\System32\shlwapi.dll
0x00007ff866550000 - 0x00007ff866561000 	C:\Windows\System32\kernel.appcore.dll
0x00007ff866590000 - 0x00007ff8665dc000 	C:\Windows\System32\powrprof.dll
0x00007ff866530000 - 0x00007ff866545000 	C:\Windows\System32\profapi.dll
0x00007ff865f90000 - 0x00007ff865fa7000 	C:\Windows\SYSTEM32\CRYPTSP.dll
0x00007ff865a10000 - 0x00007ff865a44000 	C:\Windows\system32\rsaenh.dll
0x00007ff866470000 - 0x00007ff866495000 	C:\Windows\SYSTEM32\bcrypt.dll
0x00007ff866400000 - 0x00007ff866429000 	C:\Windows\SYSTEM32\USERENV.dll
0x00007ff865f80000 - 0x00007ff865f8b000 	C:\Windows\SYSTEM32\CRYPTBASE.dll
0x00007ff854b40000 - 0x00007ff854b5a000 	E:\Android\Android Studio\jre\jre\bin\net.dll
0x00007ff865de0000 - 0x00007ff865e3c000 	C:\Windows\system32\mswsock.dll
0x00007ff865b80000 - 0x00007ff865bb7000 	C:\Windows\SYSTEM32\IPHLPAPI.DLL
0x00007ff8682c0000 - 0x00007ff8682c8000 	C:\Windows\System32\NSI.dll
0x00007ff862650000 - 0x00007ff862666000 	C:\Windows\SYSTEM32\dhcpcsvc6.DLL
0x00007ff862630000 - 0x00007ff86264a000 	C:\Windows\SYSTEM32\dhcpcsvc.DLL
0x00007ff8543e0000 - 0x00007ff8543f1000 	E:\Android\Android Studio\jre\jre\bin\nio.dll

VM Arguments:
jvm_args: -Djava.awt.headless=true -Xmx64M -Dfile.encoding=windows-1252 -Duser.country=BR -Duser.language=pt -Duser.variant 
java_command: com.google.devtools.build.android.desugar.Desugar --input C:\Users\arqdsis\Desktop\Nova pasta\BaixarImagemTheard\app\build\intermediates\transforms\stackFramesFixer\debug\8.jar --output C:\Users\arqdsis\Desktop\Nova pasta\BaixarImagemTheard\app\build\intermediates\transforms\desugar\debug\9.jar --input C:\Users\arqdsis\Desktop\Nova pasta\BaixarImagemTheard\app\build\intermediates\transforms\stackFramesFixer\debug\9.jar --output C:\Users\arqdsis\Desktop\Nova pasta\BaixarImagemTheard\app\build\intermediates\transforms\desugar\debug\10.jar --input C:\Users\arqdsis\Desktop\Nova pasta\BaixarImagemTheard\app\build\intermediates\transforms\stackFramesFixer\debug\11.jar --output C:\Users\arqdsis\Desktop\Nova pasta\BaixarImagemTheard\app\build\intermediates\transforms\desugar\debug\12.jar --input C:\Users\arqdsis\Desktop\Nova pasta\BaixarImagemTheard\app\build\intermediates\transforms\stackFramesFixer\debug\21.jar --output C:\Users\arqdsis\Desktop\Nova pasta\BaixarImagemTheard\app\build\intermediates\transforms\desugar\debug\22.jar --input C:\Users\arqdsis\Desktop\Nova pasta\BaixarImagemTheard\app\build\intermediates\transforms\stackFramesFixer\debug\4.jar --output C:\Users\arqdsis\Desktop\Nova pasta\BaixarImagemTheard\app\build\intermediates\transforms\desugar\debug\5.jar --input C:\Users\arqdsis\Desktop\Nova pasta\BaixarImagemTheard\app\build\intermediates\transforms\stackFramesFixer\debug\10.jar --output C:\Users\arqdsis\Desktop\Nova pasta\BaixarImagemTheard\app\build\intermediates\transforms\desugar\debug\11.jar --classpath_entry C:\Users\arqdsis\Desktop\Nova pasta\BaixarImagemTheard\app\build\intermediates\classes\debug --classpath_entry C:\Users\arqdsis\Desktop\Nova pasta\BaixarImagemTheard\app\build\intermediates\transforms\stackFramesFixer\debug\0.jar --classpath_entry C:\Users\arqdsis\Desktop\Nova pasta\BaixarImagemTheard\app\build\intermediates\transforms\stackFramesFixer\debug\1.jar --classpath_entry C:\Users\arqdsis\Desktop\Nova pasta\BaixarImagem
java_class_path (initial): C:\Users\arqdsis\AppData\Local\Temp\desugar_deploy.jar7785487259017380223
Launcher Type: SUN_STANDARD

Environment Variables:
JAVA_HOME=C:\Progra~1\Java\jdk1.8.0_131
PATH=C:\Program Files\Microsoft MPI\Bin\;C:\Program Files (x86)\Python36-32\Scripts\;C:\Program Files (x86)\Python36-32\;C:\Program Files\Rockwell Software\RSCommon;C:\Windows\system32;C:\Windows;C:\Windows\System32\Wbem;C:\Windows\System32\WindowsPowerShell\v1.0\;C:\Program Files\Common Files\Autodesk Shared\;C:\Program Files (x86)\Autodesk\Backburner\;C:\Program Files (x86)\Brackets\command;C:\Progra~1\Java\jdk1.8.0_131\bin;C:\Program Files\Microsoft SQL Server\130\Tools\Binn\;C:\Program Files\dotnet\;C:\Program Files\Anaconda3;C:\Program Files\Anaconda3\Scripts;C:\Program Files\Anaconda3\Library\bin;C:\Program Files\Git\cmd;C:\Program Files\MySQL\MySQL Utilities 1.6\;C:\Program Files (x86)\Microsoft Emulator Manager\1.0\;C:\Program Files\nodejs\;E:\Android\sdk\tools;E:\Android\sdk\platform-tools;C:\Users\arqdsis\AppData\Local\Microsoft\WindowsApps;C:\Users\arqdsis\AppData\Roaming\npm;C:\Program Files\Microsoft VS Code\bin
USERNAME=arqdsis
OS=Windows_NT
PROCESSOR_IDENTIFIER=Intel64 Family 6 Model 60 Stepping 3, GenuineIntel



---------------  S Y S T E M  ---------------

OS: Windows 10.0 , 64 bit Build 15063 (10.0.15063.296)

CPU:total 4 (initial active 4) (4 cores per cpu, 1 threads per core) family 6 model 60 stepping 3, cmov, cx8, fxsr, mmx, sse, sse2, sse3, ssse3, sse4.1, sse4.2, popcnt, avx, avx2, aes, clmul, erms, lzcnt, tsc, tscinvbit, bmi1, bmi2

Memory: 4k page, physical 8305200k(334356k free), swap 10260016k(2016k free)

vm_info: OpenJDK 64-Bit Server VM (25.152-b01) for windows-amd64 JRE (1.8.0_152-release-915-b01), built by "builder" with MS VC++ 10.0 (VS2010)

time: Wed Mar 28 22:18:14 2018
elapsed time: 4 seconds (0d 0h 0m 4s)

